Using pre-set license
Built from '2020.3/release' branch; Version is '2020.3.15f2 (6cf78cb77498) revision 7141260'; Using compiler version '192528614'; Build Type 'Release'
OS: 'Windows 10 Home Single Language; OS build 22000.282; Version 2009; 64bit' Language: 'en' Physical Memory: 6091 MB
BatchMode: 1, IsHumanControllingUs: 0, StartBugReporterOnCrash: 0, Is64bit: 1, IsPro: 0

 COMMAND LINE ARGUMENTS:
C:\Program Files\Unity\Hub\Editor\2020.3.15f2\Editor\Unity.exe
-adb2
-batchMode
-noUpm
-name
AssetImportWorker1
-projectPath
C:/Users/nailf/Documents/Game Build/Unity Related Thingii/Project_Boost
-logFile
Logs/AssetImportWorker1.log
-srvPort
56804
Successfully changed project path to: C:/Users/nailf/Documents/Game Build/Unity Related Thingii/Project_Boost
C:/Users/nailf/Documents/Game Build/Unity Related Thingii/Project_Boost
Using Asset Import Pipeline V2.
Refreshing native plugins compatible for Editor in 90.44 ms, found 2 plugins.
Preloading 0 native plugins for Editor in 0.00 ms.
Initialize engine version: 2020.3.15f2 (6cf78cb77498)
[Subsystems] Discovering subsystems at path C:/Program Files/Unity/Hub/Editor/2020.3.15f2/Editor/Data/Resources/UnitySubsystems
[Subsystems] Discovering subsystems at path C:/Users/nailf/Documents/Game Build/Unity Related Thingii/Project_Boost/Assets
GfxDevice: creating device client; threaded=0
Direct3D:
    Version:  Direct3D 11.0 [level 11.1]
    Renderer: AMD Radeon(TM) Vega 8 Graphics (ID=0x15d8)
    Vendor:   
    VRAM:     3045 MB
    Driver:   30.0.13025.5005
Initialize mono
Mono path[0] = 'C:/Program Files/Unity/Hub/Editor/2020.3.15f2/Editor/Data/Managed'
Mono path[1] = 'C:/Program Files/Unity/Hub/Editor/2020.3.15f2/Editor/Data/MonoBleedingEdge/lib/mono/unityjit'
Mono config path = 'C:/Program Files/Unity/Hub/Editor/2020.3.15f2/Editor/Data/MonoBleedingEdge/etc'
Using monoOptions --debugger-agent=transport=dt_socket,embedding=1,server=y,suspend=n,address=127.0.0.1:56104
Begin MonoManager ReloadAssembly
Registering precompiled unity dll's ...
Register platform support module: C:/Program Files/Unity/Hub/Editor/2020.3.15f2/Editor/Data/PlaybackEngines/WebGLSupport/UnityEditor.WebGL.Extensions.dll
Register platform support module: C:/Program Files/Unity/Hub/Editor/2020.3.15f2/Editor/Data/PlaybackEngines/WindowsStandaloneSupport/UnityEditor.WindowsStandalone.Extensions.dll
Registered in 0.007036 seconds.
Native extension for WindowsStandalone target not found
Native extension for WebGL target not found
Refreshing native plugins compatible for Editor in 58.36 ms, found 2 plugins.
Preloading 0 native plugins for Editor in 0.00 ms.
Mono: successfully reloaded assembly
- Completed reload, in  5.713 seconds
Domain Reload Profiling:
	ReloadAssembly (5714ms)
		BeginReloadAssembly (212ms)
			ExecutionOrderSort (0ms)
			DisableScriptedObjects (0ms)
			BackupInstance (0ms)
			ReleaseScriptingObjects (0ms)
			CreateAndSetChildDomain (2ms)
		EndReloadAssembly (798ms)
			LoadAssemblies (204ms)
			RebuildTransferFunctionScriptingTraits (0ms)
			SetupTypeCache (273ms)
			ReleaseScriptCaches (0ms)
			RebuildScriptCaches (60ms)
			SetupLoadedEditorAssemblies (326ms)
				LogAssemblyErrors (0ms)
				InitializePlatformSupportModulesInManaged (12ms)
				SetLoadedEditorAssemblies (0ms)
				RefreshPlugins (59ms)
				BeforeProcessingInitializeOnLoad (30ms)
				ProcessInitializeOnLoadAttributes (163ms)
				ProcessInitializeOnLoadMethodAttributes (63ms)
				AfterProcessingInitializeOnLoad (0ms)
				EditorAssembliesLoaded (0ms)
			ExecutionOrderSort2 (0ms)
			AwakeInstancesAfterBackupRestoration (0ms)
Platform modules already initialized, skipping
Registering precompiled user dll's ...
Registered in 0.015818 seconds.
Begin MonoManager ReloadAssembly
Native extension for WindowsStandalone target not found
Native extension for WebGL target not found
Refreshing native plugins compatible for Editor in 0.56 ms, found 2 plugins.
Preloading 0 native plugins for Editor in 0.00 ms.
Mono: successfully reloaded assembly
- Completed reload, in  2.673 seconds
Domain Reload Profiling:
	ReloadAssembly (2675ms)
		BeginReloadAssembly (385ms)
			ExecutionOrderSort (0ms)
			DisableScriptedObjects (13ms)
			BackupInstance (0ms)
			ReleaseScriptingObjects (0ms)
			CreateAndSetChildDomain (34ms)
		EndReloadAssembly (2105ms)
			LoadAssemblies (246ms)
			RebuildTransferFunctionScriptingTraits (0ms)
			SetupTypeCache (658ms)
			ReleaseScriptCaches (1ms)
			RebuildScriptCaches (90ms)
			SetupLoadedEditorAssemblies (939ms)
				LogAssemblyErrors (0ms)
				InitializePlatformSupportModulesInManaged (13ms)
				SetLoadedEditorAssemblies (1ms)
				RefreshPlugins (1ms)
				BeforeProcessingInitializeOnLoad (243ms)
				ProcessInitializeOnLoadAttributes (655ms)
				ProcessInitializeOnLoadMethodAttributes (8ms)
				AfterProcessingInitializeOnLoad (19ms)
				EditorAssembliesLoaded (0ms)
			ExecutionOrderSort2 (0ms)
			AwakeInstancesAfterBackupRestoration (13ms)
Platform modules already initialized, skipping
========================================================================
Worker process is ready to serve import requests
Launched and connected shader compiler UnityShaderCompiler.exe after 0.12 seconds
Refreshing native plugins compatible for Editor in 0.58 ms, found 2 plugins.
Preloading 0 native plugins for Editor in 0.00 ms.
Unloading 1421 Unused Serialized files (Serialized files now loaded: 0)
System memory in use before: 67.4 MB.
System memory in use after: 67.4 MB.

Unloading 18 unused Assets to reduce memory usage. Loaded Objects now: 1857.
Total: 4.838500 ms (FindLiveObjects: 0.321300 ms CreateObjectMapping: 0.068600 ms MarkObjects: 4.268300 ms  DeleteObjects: 0.178000 ms)

AssetImportParameters requested are different than current active one (requested -> active):
  custom:framework-win-MediaFoundation: 216162199b28c13a410421893ffa2e32 -> 
  custom:video-decoder-ogg-theora: a1e56fd34408186e4bbccfd4996cb3dc -> 
  custom:container-muxer-webm: aa71ff27fc2769a1b78a27578f13a17b -> 
  custom:container-demuxer-webm: 4f35f7cbe854078d1ac9338744f61a02 -> 
  custom:container-demuxer-ogg: 62fdf1f143b41e24485cea50d1cbac27 -> 
  custom:video-encoder-webm-vp8: eb34c28f22e8b96e1ab97ce403110664 -> 
  custom:video-decoder-webm-vp8: 9c59270c3fd7afecdb556c50c9e8de78 -> 
  custom:audio-decoder-ogg-vorbis: bf7c407c2cedff20999df2af8eb42d56 -> 
  custom:audio-encoder-webm-vorbis: bf7c407c2cedff20999df2af8eb42d56 -> 
========================================================================
Received Import Request.
  path: Assets/Scenes/Main Menu.unity
  artifactKey: Guid(ad704df0434932b47b2b1b5cb9766e7b) Importer(815301076,1909f56bfc062723c751e8b465ee728b)
Start importing Assets/Scenes/Main Menu.unity using Guid(ad704df0434932b47b2b1b5cb9766e7b) Importer(815301076,1909f56bfc062723c751e8b465ee728b)  -> (artifact id: '9e974c99c0f83c8c018c0ca424656867') in 0.026382 seconds 
  Import took 0.030545 seconds .

========================================================================
Received Import Request.
  Time since last request: 0.000521 seconds.
  path: Assets/Scenes
  artifactKey: Guid(a9204c53209831743ba7e296e73bd13c) Importer(815301076,1909f56bfc062723c751e8b465ee728b)
Start importing Assets/Scenes using Guid(a9204c53209831743ba7e296e73bd13c) Importer(815301076,1909f56bfc062723c751e8b465ee728b)  -> (artifact id: '6c076f065890066b5441faa52764a5a6') in 0.007127 seconds 
  Import took 0.011565 seconds .

========================================================================
Received Import Request.
  Time since last request: 0.000543 seconds.
  path: Assets/UI.asset
  artifactKey: Guid(ef956e0c78d40604da1f4248bad5bc01) Importer(815301076,1909f56bfc062723c751e8b465ee728b)
Start importing Assets/UI.asset using Guid(ef956e0c78d40604da1f4248bad5bc01) Importer(815301076,1909f56bfc062723c751e8b465ee728b)  -> (artifact id: '585b46d5bcc5290461d3f1319b1a2f94') in 0.061803 seconds 
  Import took 0.066909 seconds .

========================================================================
Received Import Request.
  Time since last request: 29.345748 seconds.
  path: Assets/Scenes/The Begining
  artifactKey: Guid(10cfe5e352a7dbf49a48a5105abd21e0) Importer(815301076,1909f56bfc062723c751e8b465ee728b)
Start importing Assets/Scenes/The Begining using Guid(10cfe5e352a7dbf49a48a5105abd21e0) Importer(815301076,1909f56bfc062723c751e8b465ee728b)  -> (artifact id: 'd8accea6ae7950e1d0027be28c39f346') in 0.008459 seconds 
  Import took 0.019499 seconds .

========================================================================
Received Import Request.
  Time since last request: 7.354396 seconds.
  path: Assets/Material
  artifactKey: Guid(35e2b2b26076cc34a9acb18e904a27b0) Importer(815301076,1909f56bfc062723c751e8b465ee728b)
Start importing Assets/Material using Guid(35e2b2b26076cc34a9acb18e904a27b0) Importer(815301076,1909f56bfc062723c751e8b465ee728b)  -> (artifact id: '84c6dd21ac2e35ca9a4b8f12be03b6bc') in 0.008510 seconds 
  Import took 0.015549 seconds .

========================================================================
Received Import Request.
  Time since last request: 6.366219 seconds.
  path: Assets/Material/Obstacles
  artifactKey: Guid(6f465712da395d04598bf0c54e51a601) Importer(815301076,1909f56bfc062723c751e8b465ee728b)
Start importing Assets/Material/Obstacles using Guid(6f465712da395d04598bf0c54e51a601) Importer(815301076,1909f56bfc062723c751e8b465ee728b)  -> (artifact id: 'affd512450d80b86fca20a4ae76a6401') in 0.007323 seconds 
  Import took 0.012621 seconds .

========================================================================
Received Import Request.
  Time since last request: 30.442640 seconds.
  path: Assets/Material/BackGround Mat
  artifactKey: Guid(3a22d3026dfce2740abc4dd540a7b870) Importer(815301076,1909f56bfc062723c751e8b465ee728b)
Start importing Assets/Material/BackGround Mat using Guid(3a22d3026dfce2740abc4dd540a7b870) Importer(815301076,1909f56bfc062723c751e8b465ee728b)  -> (artifact id: '80123674953b106e305d284e2d029a23') in 0.007676 seconds 
  Import took 0.014011 seconds .

========================================================================
Received Import Request.
  Time since last request: 2.970605 seconds.
  path: Assets/Material/BackGround Mat/Materials
  artifactKey: Guid(71ec077f6f777fa4083dc95551c90935) Importer(815301076,1909f56bfc062723c751e8b465ee728b)
Start importing Assets/Material/BackGround Mat/Materials using Guid(71ec077f6f777fa4083dc95551c90935) Importer(815301076,1909f56bfc062723c751e8b465ee728b)  -> (artifact id: '642f3320fde4c5ca9a8f68fb82058117') in 0.007186 seconds 
  Import took 0.013530 seconds .

========================================================================
Received Prepare
Registering precompiled user dll's ...
Registered in 0.014152 seconds.
Begin MonoManager ReloadAssembly
Native extension for WindowsStandalone target not found
Native extension for WebGL target not found
Refreshing native plugins compatible for Editor in 0.53 ms, found 2 plugins.
Preloading 0 native plugins for Editor in 0.00 ms.
Mono: successfully reloaded assembly
- Completed reload, in  1.904 seconds
Domain Reload Profiling:
	ReloadAssembly (1906ms)
		BeginReloadAssembly (306ms)
			ExecutionOrderSort (0ms)
			DisableScriptedObjects (17ms)
			BackupInstance (0ms)
			ReleaseScriptingObjects (0ms)
			CreateAndSetChildDomain (116ms)
		EndReloadAssembly (1470ms)
			LoadAssemblies (187ms)
			RebuildTransferFunctionScriptingTraits (0ms)
			SetupTypeCache (461ms)
			ReleaseScriptCaches (2ms)
			RebuildScriptCaches (75ms)
			SetupLoadedEditorAssemblies (613ms)
				LogAssemblyErrors (0ms)
				InitializePlatformSupportModulesInManaged (11ms)
				SetLoadedEditorAssemblies (1ms)
				RefreshPlugins (1ms)
				BeforeProcessingInitializeOnLoad (129ms)
				ProcessInitializeOnLoadAttributes (450ms)
				ProcessInitializeOnLoadMethodAttributes (5ms)
				AfterProcessingInitializeOnLoad (15ms)
				EditorAssembliesLoaded (1ms)
			ExecutionOrderSort2 (0ms)
			AwakeInstancesAfterBackupRestoration (12ms)
Platform modules already initialized, skipping
Refreshing native plugins compatible for Editor in 0.43 ms, found 2 plugins.
Preloading 0 native plugins for Editor in 0.00 ms.
Unloading 1405 Unused Serialized files (Serialized files now loaded: 0)
System memory in use before: 66.3 MB.
System memory in use after: 66.4 MB.

Unloading 13 unused Assets to reduce memory usage. Loaded Objects now: 1860.
Total: 4.804600 ms (FindLiveObjects: 0.264900 ms CreateObjectMapping: 0.075600 ms MarkObjects: 4.402200 ms  DeleteObjects: 0.059500 ms)

AssetImportParameters requested are different than current active one (requested -> active):
  custom:framework-win-MediaFoundation: 216162199b28c13a410421893ffa2e32 -> 
  custom:video-decoder-ogg-theora: a1e56fd34408186e4bbccfd4996cb3dc -> 
  custom:container-muxer-webm: aa71ff27fc2769a1b78a27578f13a17b -> 
  custom:container-demuxer-webm: 4f35f7cbe854078d1ac9338744f61a02 -> 
  custom:container-demuxer-ogg: 62fdf1f143b41e24485cea50d1cbac27 -> 
  custom:video-encoder-webm-vp8: eb34c28f22e8b96e1ab97ce403110664 -> 
  custom:video-decoder-webm-vp8: 9c59270c3fd7afecdb556c50c9e8de78 -> 
  custom:audio-decoder-ogg-vorbis: bf7c407c2cedff20999df2af8eb42d56 -> 
  custom:audio-encoder-webm-vorbis: bf7c407c2cedff20999df2af8eb42d56 -> 
========================================================================
Received Import Request.
  Time since last request: 372.158025 seconds.
  path: Assets/Space-star-night-dark-iphone-se-wallpaper-ilikewallpaper_com.jpg
  artifactKey: Guid(708773e9373ef574db0a356a2add1d83) Importer(815301076,1909f56bfc062723c751e8b465ee728b)
Start importing Assets/Space-star-night-dark-iphone-se-wallpaper-ilikewallpaper_com.jpg using Guid(708773e9373ef574db0a356a2add1d83) Importer(815301076,1909f56bfc062723c751e8b465ee728b)  -> (artifact id: '666e34a4fd76ac554bc249ba8a4f9042') in 0.105737 seconds 
  Import took 0.110861 seconds .

========================================================================
Received Prepare
Registering precompiled user dll's ...
Registered in 0.008297 seconds.
Begin MonoManager ReloadAssembly
Native extension for WindowsStandalone target not found
Native extension for WebGL target not found
Refreshing native plugins compatible for Editor in 0.46 ms, found 2 plugins.
Preloading 0 native plugins for Editor in 0.00 ms.
Mono: successfully reloaded assembly
- Completed reload, in  1.589 seconds
Domain Reload Profiling:
	ReloadAssembly (1590ms)
		BeginReloadAssembly (162ms)
			ExecutionOrderSort (0ms)
			DisableScriptedObjects (8ms)
			BackupInstance (0ms)
			ReleaseScriptingObjects (0ms)
			CreateAndSetChildDomain (51ms)
		EndReloadAssembly (1323ms)
			LoadAssemblies (137ms)
			RebuildTransferFunctionScriptingTraits (0ms)
			SetupTypeCache (368ms)
			ReleaseScriptCaches (1ms)
			RebuildScriptCaches (75ms)
			SetupLoadedEditorAssemblies (594ms)
				LogAssemblyErrors (0ms)
				InitializePlatformSupportModulesInManaged (9ms)
				SetLoadedEditorAssemblies (1ms)
				RefreshPlugins (1ms)
				BeforeProcessingInitializeOnLoad (138ms)
				ProcessInitializeOnLoadAttributes (428ms)
				ProcessInitializeOnLoadMethodAttributes (4ms)
				AfterProcessingInitializeOnLoad (13ms)
				EditorAssembliesLoaded (0ms)
			ExecutionOrderSort2 (0ms)
			AwakeInstancesAfterBackupRestoration (9ms)
Platform modules already initialized, skipping
Refreshing native plugins compatible for Editor in 0.86 ms, found 2 plugins.
Preloading 0 native plugins for Editor in 0.00 ms.
Unloading 1405 Unused Serialized files (Serialized files now loaded: 0)
System memory in use before: 66.3 MB.
System memory in use after: 66.4 MB.

Unloading 13 unused Assets to reduce memory usage. Loaded Objects now: 1865.
Total: 4.914300 ms (FindLiveObjects: 0.232300 ms CreateObjectMapping: 0.051400 ms MarkObjects: 4.564800 ms  DeleteObjects: 0.063300 ms)

AssetImportParameters requested are different than current active one (requested -> active):
  custom:framework-win-MediaFoundation: 216162199b28c13a410421893ffa2e32 -> 
  custom:video-decoder-ogg-theora: a1e56fd34408186e4bbccfd4996cb3dc -> 
  custom:container-muxer-webm: aa71ff27fc2769a1b78a27578f13a17b -> 
  custom:container-demuxer-webm: 4f35f7cbe854078d1ac9338744f61a02 -> 
  custom:container-demuxer-ogg: 62fdf1f143b41e24485cea50d1cbac27 -> 
  custom:video-encoder-webm-vp8: eb34c28f22e8b96e1ab97ce403110664 -> 
  custom:video-decoder-webm-vp8: 9c59270c3fd7afecdb556c50c9e8de78 -> 
  custom:audio-decoder-ogg-vorbis: bf7c407c2cedff20999df2af8eb42d56 -> 
  custom:audio-encoder-webm-vorbis: bf7c407c2cedff20999df2af8eb42d56 -> 
========================================================================
Received Import Request.
  Time since last request: 171.165605 seconds.
  path: Assets/Scenes/Background_Cube.prefab
  artifactKey: Guid(ee5dce40f334c1348abe486b924e4440) Importer(815301076,1909f56bfc062723c751e8b465ee728b)
Start importing Assets/Scenes/Background_Cube.prefab using Guid(ee5dce40f334c1348abe486b924e4440) Importer(815301076,1909f56bfc062723c751e8b465ee728b)  -> (artifact id: 'c94a1c707ccc62997447b5b18049ff43') in 0.184362 seconds 
  Import took 0.188978 seconds .

========================================================================
Received Import Request.
  Time since last request: 11.272405 seconds.
  path: Assets/Scenes/Background_Cube.prefab
  artifactKey: Guid(ee5dce40f334c1348abe486b924e4440) Importer(815301076,1909f56bfc062723c751e8b465ee728b)
Start importing Assets/Scenes/Background_Cube.prefab using Guid(ee5dce40f334c1348abe486b924e4440) Importer(815301076,1909f56bfc062723c751e8b465ee728b)  -> (artifact id: '8a9359a3b05a65a600aa3db5f94fc3b7') in 0.021607 seconds 
  Import took 0.026316 seconds .

========================================================================
Received Import Request.
  Time since last request: 1.411962 seconds.
  path: Assets/Scenes/Background_Cube.prefab
  artifactKey: Guid(ee5dce40f334c1348abe486b924e4440) Importer(815301076,1909f56bfc062723c751e8b465ee728b)
Start importing Assets/Scenes/Background_Cube.prefab using Guid(ee5dce40f334c1348abe486b924e4440) Importer(815301076,1909f56bfc062723c751e8b465ee728b)  -> (artifact id: 'c1f527516d52d942e070f1af536b84b2') in 0.019950 seconds 
  Import took 0.024249 seconds .

========================================================================
Received Import Request.
  Time since last request: 5.205239 seconds.
  path: Assets/Scenes/The Begining.unity
  artifactKey: Guid(816e1dca58514584aa5bb3ab3c7dc6a1) Importer(815301076,1909f56bfc062723c751e8b465ee728b)
Start importing Assets/Scenes/The Begining.unity using Guid(816e1dca58514584aa5bb3ab3c7dc6a1) Importer(815301076,1909f56bfc062723c751e8b465ee728b)  -> (artifact id: '8fa1f969af70347a054c3542894fcda3') in 0.007208 seconds 
  Import took 0.012285 seconds .

========================================================================
Received Import Request.
  Time since last request: 144.141103 seconds.
  path: Assets/Scenes/Canyon.unity
  artifactKey: Guid(47b6d8f86bc0b834f9e4da72ad4d0b80) Importer(815301076,1909f56bfc062723c751e8b465ee728b)
Start importing Assets/Scenes/Canyon.unity using Guid(47b6d8f86bc0b834f9e4da72ad4d0b80) Importer(815301076,1909f56bfc062723c751e8b465ee728b)  -> (artifact id: '08289a86eac2250b2ae3949df23fc7f5') in 0.007311 seconds 
  Import took 0.012134 seconds .

========================================================================
Received Import Request.
  Time since last request: 16.237080 seconds.
  path: Assets/Scenes/Beneath the living.unity
  artifactKey: Guid(d14688f54225fcf49b2fe18a27a3dea1) Importer(815301076,1909f56bfc062723c751e8b465ee728b)
Start importing Assets/Scenes/Beneath the living.unity using Guid(d14688f54225fcf49b2fe18a27a3dea1) Importer(815301076,1909f56bfc062723c751e8b465ee728b)  -> (artifact id: 'b7f5ede8a7952776a12f8228f16f9773') in 0.008369 seconds 
  Import took 0.012328 seconds .

========================================================================
Received Import Request.
  Time since last request: 465.744045 seconds.
  path: Assets/Scenes/Empty Void.unity
  artifactKey: Guid(e595067299733804399c2afb7e3ad83e) Importer(815301076,1909f56bfc062723c751e8b465ee728b)
Start importing Assets/Scenes/Empty Void.unity using Guid(e595067299733804399c2afb7e3ad83e) Importer(815301076,1909f56bfc062723c751e8b465ee728b)  -> (artifact id: 'f89fbdcb2f7207fab4a59373210283cf') in 0.008595 seconds 
  Import took 0.014632 seconds .

========================================================================
Received Import Request.
  Time since last request: 192.740533 seconds.
  path: Assets/Scenes/Trial GRound.unity
  artifactKey: Guid(9fc0d4010bbf28b4594072e72b8655ab) Importer(815301076,1909f56bfc062723c751e8b465ee728b)
Start importing Assets/Scenes/Trial GRound.unity using Guid(9fc0d4010bbf28b4594072e72b8655ab) Importer(815301076,1909f56bfc062723c751e8b465ee728b)  -> (artifact id: '55f899d3898cf01532012b27bc20f00d') in 0.006446 seconds 
  Import took 0.012429 seconds .

========================================================================
Received Import Request.
  Time since last request: 11.251019 seconds.
  path: Assets/Scenes/Main Menu.unity
  artifactKey: Guid(ad704df0434932b47b2b1b5cb9766e7b) Importer(815301076,1909f56bfc062723c751e8b465ee728b)
Start importing Assets/Scenes/Main Menu.unity using Guid(ad704df0434932b47b2b1b5cb9766e7b) Importer(815301076,1909f56bfc062723c751e8b465ee728b)  -> (artifact id: '297d01fab478d89538801de57a7c7e99') in 0.007226 seconds 
  Import took 0.011282 seconds .

========================================================================
Received Import Request.
  Time since last request: 3.972019 seconds.
  path: Assets/Scenes/End.unity
  artifactKey: Guid(31c7c442f60f2b94d95b973b56b5b572) Importer(815301076,1909f56bfc062723c751e8b465ee728b)
Start importing Assets/Scenes/End.unity using Guid(31c7c442f60f2b94d95b973b56b5b572) Importer(815301076,1909f56bfc062723c751e8b465ee728b)  -> (artifact id: '4b0fae7f01a92261eafaa46a9bcea3e6') in 0.008561 seconds 
  Import took 0.015548 seconds .

========================================================================
Received Prepare
Registering precompiled user dll's ...
Registered in 0.018577 seconds.
Begin MonoManager ReloadAssembly
Native extension for WindowsStandalone target not found
Native extension for WebGL target not found
Refreshing native plugins compatible for Editor in 1.10 ms, found 2 plugins.
Preloading 0 native plugins for Editor in 0.00 ms.
Mono: successfully reloaded assembly
- Completed reload, in  4.327 seconds
Domain Reload Profiling:
	ReloadAssembly (4329ms)
		BeginReloadAssembly (337ms)
			ExecutionOrderSort (0ms)
			DisableScriptedObjects (15ms)
			BackupInstance (0ms)
			ReleaseScriptingObjects (0ms)
			CreateAndSetChildDomain (95ms)
		EndReloadAssembly (3729ms)
			LoadAssemblies (330ms)
			RebuildTransferFunctionScriptingTraits (0ms)
			SetupTypeCache (1037ms)
			ReleaseScriptCaches (3ms)
			RebuildScriptCaches (214ms)
			SetupLoadedEditorAssemblies (1740ms)
				LogAssemblyErrors (0ms)
				InitializePlatformSupportModulesInManaged (28ms)
				SetLoadedEditorAssemblies (2ms)
				RefreshPlugins (1ms)
				BeforeProcessingInitializeOnLoad (364ms)
				ProcessInitializeOnLoadAttributes (1290ms)
				ProcessInitializeOnLoadMethodAttributes (17ms)
				AfterProcessingInitializeOnLoad (36ms)
				EditorAssembliesLoaded (1ms)
			ExecutionOrderSort2 (0ms)
			AwakeInstancesAfterBackupRestoration (30ms)
Platform modules already initialized, skipping
Refreshing native plugins compatible for Editor in 1.09 ms, found 2 plugins.
Preloading 0 native plugins for Editor in 0.00 ms.
Unloading 1405 Unused Serialized files (Serialized files now loaded: 0)
System memory in use before: 69.6 MB.
System memory in use after: 69.7 MB.

Unloading 13 unused Assets to reduce memory usage. Loaded Objects now: 1876.
Total: 8.650300 ms (FindLiveObjects: 0.633600 ms CreateObjectMapping: 0.539400 ms MarkObjects: 7.402900 ms  DeleteObjects: 0.069700 ms)

AssetImportParameters requested are different than current active one (requested -> active):
  custom:framework-win-MediaFoundation: 216162199b28c13a410421893ffa2e32 -> 
  custom:video-decoder-ogg-theora: a1e56fd34408186e4bbccfd4996cb3dc -> 
  custom:container-muxer-webm: aa71ff27fc2769a1b78a27578f13a17b -> 
  custom:container-demuxer-webm: 4f35f7cbe854078d1ac9338744f61a02 -> 
  custom:container-demuxer-ogg: 62fdf1f143b41e24485cea50d1cbac27 -> 
  custom:video-encoder-webm-vp8: eb34c28f22e8b96e1ab97ce403110664 -> 
  custom:video-decoder-webm-vp8: 9c59270c3fd7afecdb556c50c9e8de78 -> 
  custom:audio-decoder-ogg-vorbis: bf7c407c2cedff20999df2af8eb42d56 -> 
  custom:audio-encoder-webm-vorbis: bf7c407c2cedff20999df2af8eb42d56 -> 
========================================================================
Received Import Request.
  Time since last request: 183.665549 seconds.
  path: Assets/Audio
  artifactKey: Guid(ec4fe7c42e6650647987ac7e6e77f1c3) Importer(815301076,1909f56bfc062723c751e8b465ee728b)
Start importing Assets/Audio using Guid(ec4fe7c42e6650647987ac7e6e77f1c3) Importer(815301076,1909f56bfc062723c751e8b465ee728b)  -> (artifact id: '02098e8e6843fd979b5cd6c42c5f792d') in 0.011181 seconds 
  Import took 0.018385 seconds .

========================================================================
Received Import Request.
  Time since last request: 0.910597 seconds.
  path: Assets/Audio/jingle_chime_03_positive.wav
  artifactKey: Guid(34946f5131fb41244879c79528dd1448) Importer(815301076,1909f56bfc062723c751e8b465ee728b)
Start importing Assets/Audio/jingle_chime_03_positive.wav using Guid(34946f5131fb41244879c79528dd1448) Importer(815301076,1909f56bfc062723c751e8b465ee728b)  -> (artifact id: 'a73278322f322e493c2882035333a587') in 0.221890 seconds 
  Import took 0.226097 seconds .

========================================================================
Received Import Request.
  Time since last request: 88.238134 seconds.
  path: Assets/Audio/Assets_Audio_Rocket_thruster_SFX.ogg
  artifactKey: Guid(5ba2371d3abab574589bb8fc40c6ca34) Importer(815301076,1909f56bfc062723c751e8b465ee728b)
Start importing Assets/Audio/Assets_Audio_Rocket_thruster_SFX.ogg using Guid(5ba2371d3abab574589bb8fc40c6ca34) Importer(815301076,1909f56bfc062723c751e8b465ee728b)  -> (artifact id: '0f9142f1dd218e84562eca157b5ac9bc') in 0.026836 seconds 
  Import took 0.031579 seconds .

========================================================================
Received Prepare
Registering precompiled user dll's ...
Registered in 0.008229 seconds.
Begin MonoManager ReloadAssembly
Native extension for WindowsStandalone target not found
Native extension for WebGL target not found
Refreshing native plugins compatible for Editor in 0.49 ms, found 2 plugins.
Preloading 0 native plugins for Editor in 0.00 ms.
Mono: successfully reloaded assembly
- Completed reload, in  1.531 seconds
Domain Reload Profiling:
	ReloadAssembly (1531ms)
		BeginReloadAssembly (200ms)
			ExecutionOrderSort (0ms)
			DisableScriptedObjects (7ms)
			BackupInstance (0ms)
			ReleaseScriptingObjects (0ms)
			CreateAndSetChildDomain (53ms)
		EndReloadAssembly (1224ms)
			LoadAssemblies (162ms)
			RebuildTransferFunctionScriptingTraits (0ms)
			SetupTypeCache (362ms)
			ReleaseScriptCaches (1ms)
			RebuildScriptCaches (61ms)
			SetupLoadedEditorAssemblies (552ms)
				LogAssemblyErrors (0ms)
				InitializePlatformSupportModulesInManaged (9ms)
				SetLoadedEditorAssemblies (1ms)
				RefreshPlugins (1ms)
				BeforeProcessingInitializeOnLoad (139ms)
				ProcessInitializeOnLoadAttributes (385ms)
				ProcessInitializeOnLoadMethodAttributes (5ms)
				AfterProcessingInitializeOnLoad (13ms)
				EditorAssembliesLoaded (0ms)
			ExecutionOrderSort2 (0ms)
			AwakeInstancesAfterBackupRestoration (9ms)
Platform modules already initialized, skipping
Refreshing native plugins compatible for Editor in 0.49 ms, found 2 plugins.
Preloading 0 native plugins for Editor in 0.00 ms.
Unloading 1405 Unused Serialized files (Serialized files now loaded: 0)
System memory in use before: 69.6 MB.
System memory in use after: 69.7 MB.

Unloading 13 unused Assets to reduce memory usage. Loaded Objects now: 1882.
Total: 4.803500 ms (FindLiveObjects: 0.337300 ms CreateObjectMapping: 0.083700 ms MarkObjects: 4.314800 ms  DeleteObjects: 0.064900 ms)

AssetImportParameters requested are different than current active one (requested -> active):
  custom:framework-win-MediaFoundation: 216162199b28c13a410421893ffa2e32 -> 
  custom:video-decoder-ogg-theora: a1e56fd34408186e4bbccfd4996cb3dc -> 
  custom:container-muxer-webm: aa71ff27fc2769a1b78a27578f13a17b -> 
  custom:container-demuxer-webm: 4f35f7cbe854078d1ac9338744f61a02 -> 
  custom:container-demuxer-ogg: 62fdf1f143b41e24485cea50d1cbac27 -> 
  custom:video-encoder-webm-vp8: eb34c28f22e8b96e1ab97ce403110664 -> 
  custom:video-decoder-webm-vp8: 9c59270c3fd7afecdb556c50c9e8de78 -> 
  custom:audio-decoder-ogg-vorbis: bf7c407c2cedff20999df2af8eb42d56 -> 
  custom:audio-encoder-webm-vorbis: bf7c407c2cedff20999df2af8eb42d56 -> 
========================================================================
Received Import Request.
  Time since last request: 81.145555 seconds.
  path: Assets/Scenes/Around Magma.unity
  artifactKey: Guid(65da7e08ed76e3846afdae3366c21182) Importer(815301076,1909f56bfc062723c751e8b465ee728b)
Start importing Assets/Scenes/Around Magma.unity using Guid(65da7e08ed76e3846afdae3366c21182) Importer(815301076,1909f56bfc062723c751e8b465ee728b)  -> (artifact id: 'cbefe1dd7786c6ef347d2cd2b3ff3569') in 0.022969 seconds 
  Import took 0.029401 seconds .

========================================================================
Received Import Request.
  Time since last request: 16.710670 seconds.
  path: Assets/Scenes/Empty Void.unity
  artifactKey: Guid(e595067299733804399c2afb7e3ad83e) Importer(815301076,1909f56bfc062723c751e8b465ee728b)
Start importing Assets/Scenes/Empty Void.unity using Guid(e595067299733804399c2afb7e3ad83e) Importer(815301076,1909f56bfc062723c751e8b465ee728b)  -> (artifact id: 'ffea0ec8f7fd9ec581954f8cd695c34c') in 0.007969 seconds 
  Import took 0.014604 seconds .

========================================================================
Received Import Request.
  Time since last request: 0.000950 seconds.
  path: Assets/Scenes/Empty Void.unity
  artifactKey: Guid(e595067299733804399c2afb7e3ad83e) Importer(815301076,1909f56bfc062723c751e8b465ee728b)
Start importing Assets/Scenes/Empty Void.unity using Guid(e595067299733804399c2afb7e3ad83e) Importer(815301076,1909f56bfc062723c751e8b465ee728b)  -> (artifact id: 'ffea0ec8f7fd9ec581954f8cd695c34c') in 0.006770 seconds 
  Import took 0.011129 seconds .

========================================================================
Received Import Request.
  Time since last request: 63.895763 seconds.
  path: Assets/Scenes/The Begining.unity
  artifactKey: Guid(816e1dca58514584aa5bb3ab3c7dc6a1) Importer(815301076,1909f56bfc062723c751e8b465ee728b)
Start importing Assets/Scenes/The Begining.unity using Guid(816e1dca58514584aa5bb3ab3c7dc6a1) Importer(815301076,1909f56bfc062723c751e8b465ee728b)  -> (artifact id: '470bd2b6b905b788cf40f71a5e3f3276') in 0.005069 seconds 
  Import took 0.011229 seconds .

========================================================================
Received Import Request.
  Time since last request: 0.008573 seconds.
  path: Assets/Scenes/The Begining.unity
  artifactKey: Guid(816e1dca58514584aa5bb3ab3c7dc6a1) Importer(815301076,1909f56bfc062723c751e8b465ee728b)
Start importing Assets/Scenes/The Begining.unity using Guid(816e1dca58514584aa5bb3ab3c7dc6a1) Importer(815301076,1909f56bfc062723c751e8b465ee728b)  -> (artifact id: '470bd2b6b905b788cf40f71a5e3f3276') in 0.006620 seconds 
  Import took 0.010921 seconds .

========================================================================
Received Import Request.
  Time since last request: 16.289786 seconds.
  path: Assets/Scenes/Main Menu.unity
  artifactKey: Guid(ad704df0434932b47b2b1b5cb9766e7b) Importer(815301076,1909f56bfc062723c751e8b465ee728b)
Start importing Assets/Scenes/Main Menu.unity using Guid(ad704df0434932b47b2b1b5cb9766e7b) Importer(815301076,1909f56bfc062723c751e8b465ee728b)  -> (artifact id: 'cdc0a9c5fc4ad873464e855df5cb283d') in 0.006255 seconds 
  Import took 0.012529 seconds .

========================================================================
Received Import Request.
  Time since last request: 0.001045 seconds.
  path: Assets/Scenes/Main Menu.unity
  artifactKey: Guid(ad704df0434932b47b2b1b5cb9766e7b) Importer(815301076,1909f56bfc062723c751e8b465ee728b)
Start importing Assets/Scenes/Main Menu.unity using Guid(ad704df0434932b47b2b1b5cb9766e7b) Importer(815301076,1909f56bfc062723c751e8b465ee728b)  -> (artifact id: 'cdc0a9c5fc4ad873464e855df5cb283d') in 0.005733 seconds 
  Import took 0.009260 seconds .

========================================================================
Received Prepare
Registering precompiled user dll's ...
Registered in 0.007533 seconds.
Begin MonoManager ReloadAssembly
Native extension for WindowsStandalone target not found
Native extension for WebGL target not found
Refreshing native plugins compatible for Editor in 0.45 ms, found 2 plugins.
Preloading 0 native plugins for Editor in 0.00 ms.
Mono: successfully reloaded assembly
- Completed reload, in  1.618 seconds
Domain Reload Profiling:
	ReloadAssembly (1618ms)
		BeginReloadAssembly (172ms)
			ExecutionOrderSort (0ms)
			DisableScriptedObjects (6ms)
			BackupInstance (0ms)
			ReleaseScriptingObjects (0ms)
			CreateAndSetChildDomain (48ms)
		EndReloadAssembly (1341ms)
			LoadAssemblies (168ms)
			RebuildTransferFunctionScriptingTraits (0ms)
			SetupTypeCache (370ms)
			ReleaseScriptCaches (1ms)
			RebuildScriptCaches (54ms)
			SetupLoadedEditorAssemblies (614ms)
				LogAssemblyErrors (0ms)
				InitializePlatformSupportModulesInManaged (9ms)
				SetLoadedEditorAssemblies (1ms)
				RefreshPlugins (1ms)
				BeforeProcessingInitializeOnLoad (134ms)
				ProcessInitializeOnLoadAttributes (442ms)
				ProcessInitializeOnLoadMethodAttributes (7ms)
				AfterProcessingInitializeOnLoad (20ms)
				EditorAssembliesLoaded (1ms)
			ExecutionOrderSort2 (0ms)
			AwakeInstancesAfterBackupRestoration (14ms)
Platform modules already initialized, skipping
Refreshing native plugins compatible for Editor in 0.61 ms, found 2 plugins.
Preloading 0 native plugins for Editor in 0.00 ms.
Unloading 1405 Unused Serialized files (Serialized files now loaded: 0)
System memory in use before: 69.7 MB.
System memory in use after: 69.8 MB.

Unloading 13 unused Assets to reduce memory usage. Loaded Objects now: 1885.
Total: 4.897900 ms (FindLiveObjects: 0.312200 ms CreateObjectMapping: 0.072200 ms MarkObjects: 4.465500 ms  DeleteObjects: 0.045700 ms)

AssetImportParameters requested are different than current active one (requested -> active):
  custom:framework-win-MediaFoundation: 216162199b28c13a410421893ffa2e32 -> 
  custom:video-decoder-ogg-theora: a1e56fd34408186e4bbccfd4996cb3dc -> 
  custom:container-muxer-webm: aa71ff27fc2769a1b78a27578f13a17b -> 
  custom:container-demuxer-webm: 4f35f7cbe854078d1ac9338744f61a02 -> 
  custom:container-demuxer-ogg: 62fdf1f143b41e24485cea50d1cbac27 -> 
  custom:video-encoder-webm-vp8: eb34c28f22e8b96e1ab97ce403110664 -> 
  custom:video-decoder-webm-vp8: 9c59270c3fd7afecdb556c50c9e8de78 -> 
  custom:audio-decoder-ogg-vorbis: bf7c407c2cedff20999df2af8eb42d56 -> 
  custom:audio-encoder-webm-vorbis: bf7c407c2cedff20999df2af8eb42d56 -> 
========================================================================
Received Import Request.
  Time since last request: 164.219650 seconds.
  path: Assets/Scenes/End.unity
  artifactKey: Guid(31c7c442f60f2b94d95b973b56b5b572) Importer(815301076,1909f56bfc062723c751e8b465ee728b)
Start importing Assets/Scenes/End.unity using Guid(31c7c442f60f2b94d95b973b56b5b572) Importer(815301076,1909f56bfc062723c751e8b465ee728b)  -> (artifact id: '12435d62e653424620a535d6553adb5e') in 0.021949 seconds 
  Import took 0.027883 seconds .

========================================================================
Received Prepare
Refreshing native plugins compatible for Editor in 6.98 ms, found 2 plugins.
Preloading 0 native plugins for Editor in 0.00 ms.
Unloading 12 Unused Serialized files (Serialized files now loaded: 0)
System memory in use before: 42.1 MB.
System memory in use after: 42.2 MB.

Unloading 11 unused Assets to reduce memory usage. Loaded Objects now: 1885.
Total: 7.780600 ms (FindLiveObjects: 0.210500 ms CreateObjectMapping: 0.039500 ms MarkObjects: 7.491600 ms  DeleteObjects: 0.037600 ms)

AssetImportParameters requested are different than current active one (requested -> active):
  custom:framework-win-MediaFoundation: 216162199b28c13a410421893ffa2e32 -> 
  custom:video-decoder-ogg-theora: a1e56fd34408186e4bbccfd4996cb3dc -> 
  custom:container-muxer-webm: aa71ff27fc2769a1b78a27578f13a17b -> 
  custom:container-demuxer-webm: 4f35f7cbe854078d1ac9338744f61a02 -> 
  custom:container-demuxer-ogg: 62fdf1f143b41e24485cea50d1cbac27 -> 
  custom:video-encoder-webm-vp8: eb34c28f22e8b96e1ab97ce403110664 -> 
  custom:video-decoder-webm-vp8: 9c59270c3fd7afecdb556c50c9e8de78 -> 
  custom:audio-decoder-ogg-vorbis: bf7c407c2cedff20999df2af8eb42d56 -> 
  custom:audio-encoder-webm-vorbis: bf7c407c2cedff20999df2af8eb42d56 -> 
========================================================================
Received Prepare
Registering precompiled user dll's ...
Registered in 0.013640 seconds.
Begin MonoManager ReloadAssembly
Native extension for WindowsStandalone target not found
Native extension for WebGL target not found
Refreshing native plugins compatible for Editor in 0.62 ms, found 2 plugins.
Preloading 0 native plugins for Editor in 0.00 ms.
Mono: successfully reloaded assembly
- Completed reload, in  1.876 seconds
Domain Reload Profiling:
	ReloadAssembly (1881ms)
		BeginReloadAssembly (398ms)
			ExecutionOrderSort (0ms)
			DisableScriptedObjects (31ms)
			BackupInstance (0ms)
			ReleaseScriptingObjects (2ms)
			CreateAndSetChildDomain (197ms)
		EndReloadAssembly (1370ms)
			LoadAssemblies (180ms)
			RebuildTransferFunctionScriptingTraits (0ms)
			SetupTypeCache (381ms)
			ReleaseScriptCaches (2ms)
			RebuildScriptCaches (64ms)
			SetupLoadedEditorAssemblies (617ms)
				LogAssemblyErrors (0ms)
				InitializePlatformSupportModulesInManaged (10ms)
				SetLoadedEditorAssemblies (1ms)
				RefreshPlugins (1ms)
				BeforeProcessingInitializeOnLoad (139ms)
				ProcessInitializeOnLoadAttributes (446ms)
				ProcessInitializeOnLoadMethodAttributes (5ms)
				AfterProcessingInitializeOnLoad (15ms)
				EditorAssembliesLoaded (0ms)
			ExecutionOrderSort2 (0ms)
			AwakeInstancesAfterBackupRestoration (11ms)
Platform modules already initialized, skipping
Refreshing native plugins compatible for Editor in 0.45 ms, found 2 plugins.
Preloading 0 native plugins for Editor in 0.00 ms.
Unloading 1405 Unused Serialized files (Serialized files now loaded: 0)
System memory in use before: 69.7 MB.
System memory in use after: 69.8 MB.

Unloading 13 unused Assets to reduce memory usage. Loaded Objects now: 1888.
Total: 3.808500 ms (FindLiveObjects: 0.222900 ms CreateObjectMapping: 0.051000 ms MarkObjects: 3.478800 ms  DeleteObjects: 0.053800 ms)

AssetImportParameters requested are different than current active one (requested -> active):
  custom:framework-win-MediaFoundation: 216162199b28c13a410421893ffa2e32 -> 
  custom:video-decoder-ogg-theora: a1e56fd34408186e4bbccfd4996cb3dc -> 
  custom:container-muxer-webm: aa71ff27fc2769a1b78a27578f13a17b -> 
  custom:container-demuxer-webm: 4f35f7cbe854078d1ac9338744f61a02 -> 
  custom:container-demuxer-ogg: 62fdf1f143b41e24485cea50d1cbac27 -> 
  custom:video-encoder-webm-vp8: eb34c28f22e8b96e1ab97ce403110664 -> 
  custom:video-decoder-webm-vp8: 9c59270c3fd7afecdb556c50c9e8de78 -> 
  custom:audio-decoder-ogg-vorbis: bf7c407c2cedff20999df2af8eb42d56 -> 
  custom:audio-encoder-webm-vorbis: bf7c407c2cedff20999df2af8eb42d56 -> 
========================================================================
Received Prepare
Refreshing native plugins compatible for Editor in 5.88 ms, found 2 plugins.
Preloading 0 native plugins for Editor in 0.00 ms.
Unloading 12 Unused Serialized files (Serialized files now loaded: 0)
System memory in use before: 42.1 MB.
System memory in use after: 42.2 MB.

Unloading 11 unused Assets to reduce memory usage. Loaded Objects now: 1888.
Total: 3.520800 ms (FindLiveObjects: 0.208900 ms CreateObjectMapping: 0.045100 ms MarkObjects: 3.229400 ms  DeleteObjects: 0.035900 ms)

AssetImportParameters requested are different than current active one (requested -> active):
  custom:framework-win-MediaFoundation: 216162199b28c13a410421893ffa2e32 -> 
  custom:video-decoder-ogg-theora: a1e56fd34408186e4bbccfd4996cb3dc -> 
  custom:container-muxer-webm: aa71ff27fc2769a1b78a27578f13a17b -> 
  custom:container-demuxer-webm: 4f35f7cbe854078d1ac9338744f61a02 -> 
  custom:container-demuxer-ogg: 62fdf1f143b41e24485cea50d1cbac27 -> 
  custom:video-encoder-webm-vp8: eb34c28f22e8b96e1ab97ce403110664 -> 
  custom:video-decoder-webm-vp8: 9c59270c3fd7afecdb556c50c9e8de78 -> 
  custom:audio-decoder-ogg-vorbis: bf7c407c2cedff20999df2af8eb42d56 -> 
  custom:audio-encoder-webm-vorbis: bf7c407c2cedff20999df2af8eb42d56 -> 
========================================================================
Received Prepare
Refreshing native plugins compatible for Editor in 10.84 ms, found 2 plugins.
Preloading 0 native plugins for Editor in 0.00 ms.
Unloading 12 Unused Serialized files (Serialized files now loaded: 0)
System memory in use before: 42.1 MB.
System memory in use after: 42.2 MB.

Unloading 11 unused Assets to reduce memory usage. Loaded Objects now: 1888.
Total: 5.239900 ms (FindLiveObjects: 0.296100 ms CreateObjectMapping: 0.112100 ms MarkObjects: 4.765400 ms  DeleteObjects: 0.064000 ms)

AssetImportParameters requested are different than current active one (requested -> active):
  custom:framework-win-MediaFoundation: 216162199b28c13a410421893ffa2e32 -> 
  custom:video-decoder-ogg-theora: a1e56fd34408186e4bbccfd4996cb3dc -> 
  custom:container-muxer-webm: aa71ff27fc2769a1b78a27578f13a17b -> 
  custom:container-demuxer-webm: 4f35f7cbe854078d1ac9338744f61a02 -> 
  custom:container-demuxer-ogg: 62fdf1f143b41e24485cea50d1cbac27 -> 
  custom:video-encoder-webm-vp8: eb34c28f22e8b96e1ab97ce403110664 -> 
  custom:video-decoder-webm-vp8: 9c59270c3fd7afecdb556c50c9e8de78 -> 
  custom:audio-decoder-ogg-vorbis: bf7c407c2cedff20999df2af8eb42d56 -> 
  custom:audio-encoder-webm-vorbis: bf7c407c2cedff20999df2af8eb42d56 -> 
AssetImportWorkerClient::OnTransportError - code=2 error=End of file
